mode: set
restful_api_testing/controllers/blog.go:15.41,19.2 1 1
restful_api_testing/controllers/blog.go:21.56,23.16 2 1
restful_api_testing/controllers/blog.go:23.16,28.3 1 0
restful_api_testing/controllers/blog.go:29.2,32.4 1 1
restful_api_testing/controllers/blog.go:35.57,39.16 3 1
restful_api_testing/controllers/blog.go:39.16,44.3 1 1
restful_api_testing/controllers/blog.go:45.2,48.4 1 1
restful_api_testing/controllers/blog.go:51.56,56.16 4 1
restful_api_testing/controllers/blog.go:56.16,61.3 1 1
restful_api_testing/controllers/blog.go:62.2,65.4 1 1
restful_api_testing/controllers/blog.go:68.56,74.16 5 1
restful_api_testing/controllers/blog.go:74.16,79.3 1 1
restful_api_testing/controllers/blog.go:80.2,83.4 1 1
restful_api_testing/controllers/blog.go:86.56,89.46 2 1
restful_api_testing/controllers/blog.go:89.46,94.3 1 1
restful_api_testing/controllers/blog.go:95.2,97.4 1 1
restful_api_testing/controllers/book.go:15.41,19.2 1 1
restful_api_testing/controllers/book.go:21.56,23.16 2 1
restful_api_testing/controllers/book.go:23.16,28.3 1 0
restful_api_testing/controllers/book.go:29.2,32.4 1 1
restful_api_testing/controllers/book.go:35.57,39.16 3 1
restful_api_testing/controllers/book.go:39.16,44.3 1 1
restful_api_testing/controllers/book.go:45.2,48.4 1 1
restful_api_testing/controllers/book.go:51.56,56.16 4 1
restful_api_testing/controllers/book.go:56.16,61.3 1 1
restful_api_testing/controllers/book.go:62.2,65.4 1 1
restful_api_testing/controllers/book.go:68.56,74.16 5 1
restful_api_testing/controllers/book.go:74.16,79.3 1 1
restful_api_testing/controllers/book.go:80.2,83.4 1 1
restful_api_testing/controllers/book.go:86.56,89.46 2 1
restful_api_testing/controllers/book.go:89.46,94.3 1 1
restful_api_testing/controllers/book.go:95.2,97.4 1 1
restful_api_testing/controllers/user.go:16.71,20.2 1 1
restful_api_testing/controllers/user.go:22.56,24.16 2 1
restful_api_testing/controllers/user.go:24.16,29.3 1 0
restful_api_testing/controllers/user.go:30.2,33.4 1 1
restful_api_testing/controllers/user.go:36.57,40.16 3 1
restful_api_testing/controllers/user.go:40.16,45.3 1 1
restful_api_testing/controllers/user.go:46.2,49.4 1 1
restful_api_testing/controllers/user.go:52.56,57.16 4 1
restful_api_testing/controllers/user.go:57.16,62.3 1 1
restful_api_testing/controllers/user.go:63.2,66.4 1 1
restful_api_testing/controllers/user.go:69.56,75.16 5 1
restful_api_testing/controllers/user.go:75.16,80.3 1 1
restful_api_testing/controllers/user.go:81.2,84.4 1 1
restful_api_testing/controllers/user.go:87.56,90.46 2 1
restful_api_testing/controllers/user.go:90.46,95.3 1 1
restful_api_testing/controllers/user.go:96.2,98.4 1 1
restful_api_testing/controllers/user.go:101.55,106.16 4 1
restful_api_testing/controllers/user.go:106.16,111.3 1 1
restful_api_testing/controllers/user.go:112.2,115.4 1 1
